
=== lambda = 0.0 ===
  lambda=0.0000  realization 1/20
  lambda=0.0000  realization 2/20
  lambda=0.0000  realization 3/20
  lambda=0.0000  realization 4/20
  lambda=0.0000  realization 5/20
  lambda=0.0000  realization 6/20
  lambda=0.0000  realization 7/20
  lambda=0.0000  realization 8/20
  lambda=0.0000  realization 9/20
  lambda=0.0000  realization 10/20
  lambda=0.0000  realization 11/20
  lambda=0.0000  realization 12/20
  lambda=0.0000  realization 13/20
  lambda=0.0000  realization 14/20
  lambda=0.0000  realization 15/20
  lambda=0.0000  realization 16/20
  lambda=0.0000  realization 17/20
  lambda=0.0000  realization 18/20
  lambda=0.0000  realization 19/20
  lambda=0.0000  realization 20/20
  -> results_full/results_lam0.0000.json   KS=0.1998±0.0101

=== lambda = 0.0005 ===
  lambda=0.0005  realization 1/20
  lambda=0.0005  realization 2/20
  lambda=0.0005  realization 3/20
  lambda=0.0005  realization 4/20
  lambda=0.0005  realization 5/20
  lambda=0.0005  realization 6/20
  lambda=0.0005  realization 7/20
  lambda=0.0005  realization 8/20
  lambda=0.0005  realization 9/20
  lambda=0.0005  realization 10/20
  lambda=0.0005  realization 11/20
  lambda=0.0005  realization 12/20
  lambda=0.0005  realization 13/20
  lambda=0.0005  realization 14/20
  lambda=0.0005  realization 15/20
  lambda=0.0005  realization 16/20
  lambda=0.0005  realization 17/20
  lambda=0.0005  realization 18/20
  lambda=0.0005  realization 19/20
  lambda=0.0005  realization 20/20
  -> results_full/results_lam0.0005.json   KS=0.1991±0.0096

=== lambda = 0.001 ===
  lambda=0.0010  realization 1/20
  lambda=0.0010  realization 2/20
  lambda=0.0010  realization 3/20
  lambda=0.0010  realization 4/20
  lambda=0.0010  realization 5/20
  lambda=0.0010  realization 6/20
  lambda=0.0010  realization 7/20
  lambda=0.0010  realization 8/20
  lambda=0.0010  realization 9/20
  lambda=0.0010  realization 10/20
  lambda=0.0010  realization 11/20
  lambda=0.0010  realization 12/20
  lambda=0.0010  realization 13/20
  lambda=0.0010  realization 14/20
  lambda=0.0010  realization 15/20
  lambda=0.0010  realization 16/20
  lambda=0.0010  realization 17/20
  lambda=0.0010  realization 18/20
  lambda=0.0010  realization 19/20
  lambda=0.0010  realization 20/20
  -> results_full/results_lam0.0010.json   KS=0.1992±0.0093

=== lambda = 0.002 ===
  lambda=0.0020  realization 1/20
  lambda=0.0020  realization 2/20
  lambda=0.0020  realization 3/20
  lambda=0.0020  realization 4/20
  lambda=0.0020  realization 5/20
  lambda=0.0020  realization 6/20
  lambda=0.0020  realization 7/20
  lambda=0.0020  realization 8/20
  lambda=0.0020  realization 9/20
  lambda=0.0020  realization 10/20
  lambda=0.0020  realization 11/20
  lambda=0.0020  realization 12/20
  lambda=0.0020  realization 13/20
  lambda=0.0020  realization 14/20
  lambda=0.0020  realization 15/20
  lambda=0.0020  realization 16/20
  lambda=0.0020  realization 17/20
  lambda=0.0020  realization 18/20
  lambda=0.0020  realization 19/20
  lambda=0.0020  realization 20/20
  -> results_full/results_lam0.0020.json   KS=0.1996±0.0093

=== lambda = 0.003 ===
  lambda=0.0030  realization 1/20
  lambda=0.0030  realization 2/20
  lambda=0.0030  realization 3/20
  lambda=0.0030  realization 4/20
  lambda=0.0030  realization 5/20
  lambda=0.0030  realization 6/20
  lambda=0.0030  realization 7/20
  lambda=0.0030  realization 8/20
  lambda=0.0030  realization 9/20
  lambda=0.0030  realization 10/20
  lambda=0.0030  realization 11/20
  lambda=0.0030  realization 12/20
  lambda=0.0030  realization 13/20
  lambda=0.0030  realization 14/20
  lambda=0.0030  realization 15/20
  lambda=0.0030  realization 16/20
  lambda=0.0030  realization 17/20
  lambda=0.0030  realization 18/20
  lambda=0.0030  realization 19/20
  lambda=0.0030  realization 20/20
  -> results_full/results_lam0.0030.json   KS=0.1992±0.0094

=== lambda = 0.005 ===
  lambda=0.0050  realization 1/20
  lambda=0.0050  realization 2/20
  lambda=0.0050  realization 3/20
  lambda=0.0050  realization 4/20
  lambda=0.0050  realization 5/20
  lambda=0.0050  realization 6/20
  lambda=0.0050  realization 7/20
  lambda=0.0050  realization 8/20
  lambda=0.0050  realization 9/20
  lambda=0.0050  realization 10/20
  lambda=0.0050  realization 11/20
  lambda=0.0050  realization 12/20
  lambda=0.0050  realization 13/20
  lambda=0.0050  realization 14/20
  lambda=0.0050  realization 15/20
  lambda=0.0050  realization 16/20
  lambda=0.0050  realization 17/20
  lambda=0.0050  realization 18/20
  lambda=0.0050  realization 19/20
  lambda=0.0050  realization 20/20
  -> results_full/results_lam0.0050.json   KS=0.1991±0.0087

=== lambda = 0.007 ===
  lambda=0.0070  realization 1/20
  lambda=0.0070  realization 2/20
  lambda=0.0070  realization 3/20
  lambda=0.0070  realization 4/20
  lambda=0.0070  realization 5/20
  lambda=0.0070  realization 6/20
  lambda=0.0070  realization 7/20
  lambda=0.0070  realization 8/20
  lambda=0.0070  realization 9/20
  lambda=0.0070  realization 10/20
  lambda=0.0070  realization 11/20
  lambda=0.0070  realization 12/20
  lambda=0.0070  realization 13/20
  lambda=0.0070  realization 14/20
  lambda=0.0070  realization 15/20
  lambda=0.0070  realization 16/20
  lambda=0.0070  realization 17/20
  lambda=0.0070  realization 18/20
  lambda=0.0070  realization 19/20
  lambda=0.0070  realization 20/20
  -> results_full/results_lam0.0070.json   KS=0.1997±0.0098

=== lambda = 0.01 ===
  lambda=0.0100  realization 1/20
  lambda=0.0100  realization 2/20
  lambda=0.0100  realization 3/20
  lambda=0.0100  realization 4/20
  lambda=0.0100  realization 5/20
  lambda=0.0100  realization 6/20
  lambda=0.0100  realization 7/20
  lambda=0.0100  realization 8/20
  lambda=0.0100  realization 9/20
  lambda=0.0100  realization 10/20
  lambda=0.0100  realization 11/20
  lambda=0.0100  realization 12/20
  lambda=0.0100  realization 13/20
  lambda=0.0100  realization 14/20
  lambda=0.0100  realization 15/20
  lambda=0.0100  realization 16/20
  lambda=0.0100  realization 17/20
  lambda=0.0100  realization 18/20
  lambda=0.0100  realization 19/20
  lambda=0.0100  realization 20/20
  -> results_full/results_lam0.0100.json   KS=0.1990±0.0095

=== lambda = 0.015 ===
  lambda=0.0150  realization 1/20
  lambda=0.0150  realization 2/20
  lambda=0.0150  realization 3/20
  lambda=0.0150  realization 4/20
  lambda=0.0150  realization 5/20
  lambda=0.0150  realization 6/20
  lambda=0.0150  realization 7/20
  lambda=0.0150  realization 8/20
  lambda=0.0150  realization 9/20
  lambda=0.0150  realization 10/20
  lambda=0.0150  realization 11/20
  lambda=0.0150  realization 12/20
  lambda=0.0150  realization 13/20
  lambda=0.0150  realization 14/20
  lambda=0.0150  realization 15/20
  lambda=0.0150  realization 16/20
  lambda=0.0150  realization 17/20
  lambda=0.0150  realization 18/20
  lambda=0.0150  realization 19/20
  lambda=0.0150  realization 20/20
  -> results_full/results_lam0.0150.json   KS=0.1996±0.0096

=== lambda = 0.02 ===
  lambda=0.0200  realization 1/20
  lambda=0.0200  realization 2/20
  lambda=0.0200  realization 3/20
  lambda=0.0200  realization 4/20
  lambda=0.0200  realization 5/20
  lambda=0.0200  realization 6/20
  lambda=0.0200  realization 7/20
  lambda=0.0200  realization 8/20
  lambda=0.0200  realization 9/20
  lambda=0.0200  realization 10/20
  lambda=0.0200  realization 11/20
  lambda=0.0200  realization 12/20
  lambda=0.0200  realization 13/20
  lambda=0.0200  realization 14/20
  lambda=0.0200  realization 15/20
  lambda=0.0200  realization 16/20
  lambda=0.0200  realization 17/20
  lambda=0.0200  realization 18/20
  lambda=0.0200  realization 19/20
  lambda=0.0200  realization 20/20
  -> results_full/results_lam0.0200.json   KS=0.1994±0.0081

=== lambda = 0.05 ===
  lambda=0.0500  realization 1/20
  lambda=0.0500  realization 2/20
  lambda=0.0500  realization 3/20
  lambda=0.0500  realization 4/20
  lambda=0.0500  realization 5/20
  lambda=0.0500  realization 6/20
  lambda=0.0500  realization 7/20
  lambda=0.0500  realization 8/20
  lambda=0.0500  realization 9/20
  lambda=0.0500  realization 10/20
  lambda=0.0500  realization 11/20
  lambda=0.0500  realization 12/20
  lambda=0.0500  realization 13/20
  lambda=0.0500  realization 14/20
  lambda=0.0500  realization 15/20
  lambda=0.0500  realization 16/20
  lambda=0.0500  realization 17/20
  lambda=0.0500  realization 18/20
  lambda=0.0500  realization 19/20
  lambda=0.0500  realization 20/20
  -> results_full/results_lam0.0500.json   KS=0.2043±0.0096

  lambda      D_KS     sigma    vs lam=0
  0.0000    0.1998    0.0101       +0.0%
  0.0005    0.1991    0.0096       -0.3%
  0.0010    0.1992    0.0093       -0.3%
  0.0020    0.1996    0.0093       -0.1%
  0.0030    0.1992    0.0094       -0.3%
  0.0050    0.1991    0.0087       -0.3%
  0.0070    0.1997    0.0098       -0.0%
  0.0100    0.1990    0.0095       -0.4%
  0.0150    0.1996    0.0096       -0.1%
  0.0200    0.1994    0.0081       -0.2%
  0.0500    0.2043    0.0096       +2.3%
